<?xml version="1.0" encoding="UTF-8"?>
<testng-results ignored="0" total="2" passed="2" failed="0" skipped="0">
  <reporter-output>
  </reporter-output>
  <suite started-at="2022-09-16T19:29:51 IST" name="Default suite" finished-at="2022-09-16T19:29:51 IST" duration-ms="91">
    <groups>
    </groups>
    <test started-at="2022-09-16T19:29:51 IST" name="Default test" finished-at="2022-09-16T19:29:51 IST" duration-ms="91">
      <class name="Dhanu.JankinsTest">
        <test-method signature="addTest()[pri:0, instance:Dhanu.JankinsTest@49dc7102]" started-at="2022-09-16T19:29:51 IST" name="addTest" finished-at="2022-09-16T19:29:51 IST" duration-ms="16" status="PASS">
          <reporter-output>
          </reporter-output>
        </test-method> <!-- addTest -->
        <test-method signature="jankinsTest()[pri:0, instance:Dhanu.JankinsTest@49dc7102]" started-at="2022-09-16T19:29:51 IST" name="jankinsTest" finished-at="2022-09-16T19:29:51 IST" duration-ms="2" status="PASS">
          <reporter-output>
          </reporter-output>
        </test-method> <!-- jankinsTest -->
      </class> <!-- Dhanu.JankinsTest -->
    </test> <!-- Default test -->
  </suite> <!-- Default suite -->
</testng-results>
